[Tue, 21 Nov 2023 21:41:35 +0700] [localhost] [::1] [Warning(2): Undefined array key "list_teacher"] [FILE: /modules/weather/admin/list.php] [LINE: 114]
[Tue, 21 Nov 2023 21:41:36 +0700] [localhost] [::1] [Warning(2): Undefined variable $baseLink] [FILE: /modules/weather/theme.php] [LINE: 72]
[Tue, 21 Nov 2023 21:58:24 +0700] [localhost] [::1] [Warning(2): Undefined array key "id"] [FILE: /modules/weather/theme.php] [LINE: 66]
[Tue, 21 Nov 2023 23:05:33 +0700] [localhost] [::1] [Warning(2): Undefined array key "date_forecast"] [FILE: /modules/weather/theme.php] [LINE: 35]
[Tue, 21 Nov 2023 23:05:33 +0700] [localhost] [::1] [Run-time notices(8192): strtotime(): Passing null to parameter #1 ($datetime) of type string is deprecated] [FILE: /modules/weather/theme.php] [LINE: 35]
[Tue, 21 Nov 2023 23:05:33 +0700] [localhost] [::1] [Warning(2): Undefined array key "description"] [FILE: /modules/weather/theme.php] [LINE: 39]
[Tue, 21 Nov 2023 23:05:33 +0700] [localhost] [::1] [Warning(2): Undefined array key "wind_speed"] [FILE: /modules/weather/theme.php] [LINE: 40]
[Tue, 21 Nov 2023 23:05:33 +0700] [localhost] [::1] [Warning(2): Undefined array key "high_temperature"] [FILE: /modules/weather/theme.php] [LINE: 41]
[Tue, 21 Nov 2023 23:05:33 +0700] [localhost] [::1] [Warning(2): Undefined array key "low_temperature"] [FILE: /modules/weather/theme.php] [LINE: 42]
[Tue, 21 Nov 2023 23:05:33 +0700] [localhost] [::1] [Warning(2): Undefined array key "rain"] [FILE: /modules/weather/theme.php] [LINE: 43]
[Tue, 21 Nov 2023 23:05:33 +0700] [localhost] [::1] [Warning(2): Undefined array key "avatar"] [FILE: /modules/weather/theme.php] [LINE: 44]
[Tue, 21 Nov 2023 23:06:24 +0700] [localhost] [::1] [Warning(2): Undefined array key "date_forecast"] [FILE: /modules/weather/theme.php] [LINE: 49]
[Tue, 21 Nov 2023 23:06:24 +0700] [localhost] [::1] [Run-time notices(8192): strtotime(): Passing null to parameter #1 ($datetime) of type string is deprecated] [FILE: /modules/weather/theme.php] [LINE: 49]
[Tue, 21 Nov 2023 23:06:24 +0700] [localhost] [::1] [Warning(2): Undefined array key "description"] [FILE: /modules/weather/theme.php] [LINE: 53]
[Tue, 21 Nov 2023 23:06:24 +0700] [localhost] [::1] [Warning(2): Undefined array key "wind_speed"] [FILE: /modules/weather/theme.php] [LINE: 54]
[Tue, 21 Nov 2023 23:06:24 +0700] [localhost] [::1] [Warning(2): Undefined array key "high_temperature"] [FILE: /modules/weather/theme.php] [LINE: 55]
[Tue, 21 Nov 2023 23:06:24 +0700] [localhost] [::1] [Warning(2): Undefined array key "low_temperature"] [FILE: /modules/weather/theme.php] [LINE: 56]
[Tue, 21 Nov 2023 23:06:24 +0700] [localhost] [::1] [Warning(2): Undefined array key "rain"] [FILE: /modules/weather/theme.php] [LINE: 57]
[Tue, 21 Nov 2023 23:06:24 +0700] [localhost] [::1] [Warning(2): Undefined array key "avatar"] [FILE: /modules/weather/theme.php] [LINE: 58]
[Tue, 21 Nov 2023 23:06:44 +0700] [localhost] [::1] [Warning(2): Undefined variable $total_pages] [FILE: /modules/weather/theme.php] [LINE: 73]
[Tue, 21 Nov 2023 23:06:48 +0700] [localhost] [::1] [Error(1): Uncaught ArgumentCountError: Too few arguments to function nv_theme_weather_main(), 4 passed in D:\xampp\htdocs\huydz\modules\weather\funcs\main.php on line 52 and exactly 6 expected in D:\xampp\htdocs\huydz\modules\weather\theme.php:25
Stack trace:
#0 D:\xampp\htdocs\huydz\modules\weather\funcs\main.php(52): nv_theme_weather_main(Array, Array, '', false)
#1 D:\xampp\htdocs\huydz\index.php(369): require('D:\\xampp\\htdocs...')
#2 {main}
  thrown] [FILE: /modules/weather/theme.php] [LINE: 25]
[Tue, 21 Nov 2023 23:20:37 +0700] [localhost] [::1] [Warning(2): Undefined array key "main"] [FILE: /themes/mobile_default/theme.php] [LINE: 73]
[Tue, 21 Nov 2023 23:20:37 +0700] [localhost] [::1] [Warning(2): file_get_contents(D:/xampp/htdocs/huydz/themes/mobile_default/layout\body): Failed to open stream: No such file or directory] [FILE: /includes/xtemplate.class.php] [LINE: 1333]
[Tue, 21 Nov 2023 23:24:07 +0700] [localhost] [::1] [Warning(2): Undefined variable $total_pages] [FILE: /modules/weather/funcs/main.php] [LINE: 66]
[Tue, 21 Nov 2023 23:24:09 +0700] [localhost] [::1] [Warning(2): Undefined variable $records_per_page] [FILE: /modules/weather/funcs/main.php] [LINE: 38]
[Tue, 21 Nov 2023 23:24:09 +0700] [localhost] [::1] [Error(1): Uncaught DivisionByZeroError: Division by zero in D:\xampp\htdocs\huydz\modules\weather\funcs\main.php:38
Stack trace:
#0 D:\xampp\htdocs\huydz\index.php(369): require()
#1 {main}
  thrown] [FILE: /modules/weather/funcs/main.php] [LINE: 38]
